16:28:18.661 [main] INFO  petstore.testcases.Storetests - ********** Creating Order **********
16:28:22.434 [main] INFO  petstore.testcases.Storetests - ********** Order created **********
16:28:22.434 [main] INFO  petstore.testcases.Storetests - ********** Order creation validation start **********
16:28:23.211 [main] INFO  petstore.testcases.Storetests - ********** Order created validation completed**********
16:28:25.240 [main] INFO  petstore.testcases.Storetests - ********** Reading Order info **********
16:28:26.715 [main] INFO  petstore.testcases.Storetests - ********** Read Order info displayed **********
16:28:26.736 [main] INFO  petstore.testcases.Storetests - ********** Order info validation start **********
16:28:26.832 [main] INFO  petstore.testcases.Storetests - ********** Deleting Order info **********
16:28:28.456 [main] INFO  petstore.testcases.Storetests - ********** Order info deleted **********
16:28:28.456 [main] INFO  petstore.testcases.Storetests - ********** Order deletion validation start **********
16:28:28.506 [main] INFO  petstore.testcases.Storetests - ********** Order deletion validation completed **********
17:38:09.794 [main] INFO  petstore.testcases.Storetests - ********** Creating Order **********
17:38:13.480 [main] INFO  petstore.testcases.Storetests - ********** Order created **********
17:38:13.481 [main] INFO  petstore.testcases.Storetests - ********** Order creation validation start **********
17:38:14.394 [main] INFO  petstore.testcases.Storetests - ********** Order created validation completed**********
17:38:16.419 [main] INFO  petstore.testcases.Storetests - ********** Reading Order info **********
17:38:18.076 [main] INFO  petstore.testcases.Storetests - ********** Read Order info displayed **********
17:38:18.076 [main] INFO  petstore.testcases.Storetests - ********** Order info validation start **********
17:38:18.136 [main] INFO  petstore.testcases.Storetests - ********** Order info validation completed **********
17:38:18.145 [main] INFO  petstore.testcases.Storetests - ********** Deleting Order info **********
17:38:19.711 [main] INFO  petstore.testcases.Storetests - ********** Order info deleted **********
17:38:19.711 [main] INFO  petstore.testcases.Storetests - ********** Order deletion validation start **********
17:38:19.751 [main] INFO  petstore.testcases.Storetests - ********** Order deletion validation completed **********
17:38:37.258 [main] INFO  petstore.testcases.Storetests - ********** Creating Order **********
17:38:41.060 [main] INFO  petstore.testcases.Storetests - ********** Order created **********
17:38:41.060 [main] INFO  petstore.testcases.Storetests - ********** Order creation validation start **********
17:38:41.957 [main] INFO  petstore.testcases.Storetests - ********** Order created validation completed**********
17:38:43.995 [main] INFO  petstore.testcases.Storetests - ********** Reading Order info **********
17:38:45.623 [main] INFO  petstore.testcases.Storetests - ********** Read Order info displayed **********
17:38:45.623 [main] INFO  petstore.testcases.Storetests - ********** Order info validation start **********
17:38:45.694 [main] INFO  petstore.testcases.Storetests - ********** Deleting Order info **********
17:38:47.220 [main] INFO  petstore.testcases.Storetests - ********** Order info deleted **********
17:38:47.220 [main] INFO  petstore.testcases.Storetests - ********** Order deletion validation start **********
17:38:47.251 [main] INFO  petstore.testcases.Storetests - ********** Order deletion validation completed **********
17:39:38.135 [main] INFO  petstore.testcases.Storetests - ********** Creating Order **********
17:39:41.771 [main] INFO  petstore.testcases.Storetests - ********** Order created **********
17:39:41.772 [main] INFO  petstore.testcases.Storetests - ********** Order creation validation start **********
17:39:42.607 [main] INFO  petstore.testcases.Storetests - ********** Order created validation completed**********
17:39:44.626 [main] INFO  petstore.testcases.Storetests - ********** Reading Order info **********
17:39:46.244 [main] INFO  petstore.testcases.Storetests - ********** Read Order info displayed **********
17:39:46.244 [main] INFO  petstore.testcases.Storetests - ********** Order info validation start **********
17:39:46.313 [main] INFO  petstore.testcases.Storetests - ********** Deleting Order info **********
17:39:47.685 [main] INFO  petstore.testcases.Storetests - ********** Order info deleted **********
17:39:47.685 [main] INFO  petstore.testcases.Storetests - ********** Order deletion validation start **********
17:39:47.731 [main] INFO  petstore.testcases.Storetests - ********** Order deletion validation completed **********
17:59:54.165 [main] INFO  petstore.testcases.Storetests - ********** Creating Order **********
17:59:57.890 [main] INFO  petstore.testcases.Storetests - ********** Order created **********
17:59:57.891 [main] INFO  petstore.testcases.Storetests - ********** Order creation validation start **********
17:59:58.729 [main] INFO  petstore.testcases.Storetests - ********** Reading Order info **********
18:00:00.334 [main] INFO  petstore.testcases.Storetests - ********** Read Order info displayed **********
18:00:00.335 [main] INFO  petstore.testcases.Storetests - ********** Order info validation start **********
18:00:00.406 [main] INFO  petstore.testcases.Storetests - ********** Deleting Order info **********
18:00:01.971 [main] INFO  petstore.testcases.Storetests - ********** Order info deleted **********
18:00:01.971 [main] INFO  petstore.testcases.Storetests - ********** Order deletion validation start **********
18:00:02.013 [main] INFO  petstore.testcases.Storetests - ********** Order deletion validation completed **********
18:03:41.477 [main] INFO  petstore.testcases.Storetests - ********** Creating Order **********
18:03:45.218 [main] INFO  petstore.testcases.Storetests - ********** Order created **********
18:03:45.218 [main] INFO  petstore.testcases.Storetests - ********** Order creation validation start **********
18:03:46.394 [main] INFO  petstore.testcases.Storetests - ********** Order created validation completed**********
18:03:48.426 [main] INFO  petstore.testcases.Storetests - ********** Reading Order info **********
18:03:50.027 [main] INFO  petstore.testcases.Storetests - ********** Read Order info displayed **********
18:03:50.028 [main] INFO  petstore.testcases.Storetests - ********** Order info validation start **********
18:03:50.097 [main] INFO  petstore.testcases.Storetests - ********** Deleting Order info **********
18:03:51.663 [main] INFO  petstore.testcases.Storetests - ********** Order info deleted **********
18:03:51.663 [main] INFO  petstore.testcases.Storetests - ********** Order deletion validation start **********
18:03:51.705 [main] INFO  petstore.testcases.Storetests - ********** Order deletion validation completed **********
18:07:55.691 [main] INFO  petstore.testcases.Storetests - ********** Creating Order **********
18:07:59.383 [main] INFO  petstore.testcases.Storetests - ********** Order created **********
18:07:59.384 [main] INFO  petstore.testcases.Storetests - ********** Order creation validation start **********
18:08:00.550 [main] INFO  petstore.testcases.Storetests - ********** Order created validation completed**********
18:08:02.582 [main] INFO  petstore.testcases.Storetests - ********** Reading Order info **********
18:08:04.187 [main] INFO  petstore.testcases.Storetests - ********** Read Order info displayed **********
18:08:04.187 [main] INFO  petstore.testcases.Storetests - ********** Order info validation start **********
18:08:04.253 [main] INFO  petstore.testcases.Storetests - ********** Deleting Order info **********
18:08:05.826 [main] INFO  petstore.testcases.Storetests - ********** Order info deleted **********
18:08:05.827 [main] INFO  petstore.testcases.Storetests - ********** Order deletion validation start **********
18:08:05.871 [main] INFO  petstore.testcases.Storetests - ********** Order deletion validation completed **********
